[INFO ] 2024-02-06T04:06:17,271 [main] Starter - Starting Starter on Nitro_seven with PID 2840 (started by himan in E:\Corda Property Management\samples-java\Accounts\tictacthor\clients)
[INFO ] 2024-02-06T04:06:17,282 [main] Starter - No active profile set, falling back to default profiles: default
[INFO ] 2024-02-06T04:06:17,334 [main] AnnotationConfigServletWebServerApplicationContext - Refreshing org.springframework.boot.web.servlet.context.AnnotationConfigServletWebServerApplicationContext@5ce8d869: startup date [Tue Feb 06 09:36:17 IST 2024]; root of context hierarchy
[INFO ] 2024-02-06T04:06:19,144 [main] TomcatWebServer - Tomcat initialized with port(s): 8080 (http)
[INFO ] 2024-02-06T04:06:19,159 [main] Http11NioProtocol - Initializing ProtocolHandler ["http-nio-8080"]
[INFO ] 2024-02-06T04:06:19,172 [main] StandardService - Starting service [Tomcat]
[INFO ] 2024-02-06T04:06:19,172 [main] StandardEngine - Starting Servlet Engine: Apache Tomcat/8.5.31
[INFO ] 2024-02-06T04:06:19,181 [localhost-startStop-1] AprLifecycleListener - The APR based Apache Tomcat Native library which allows optimal performance in production environments was not found on the java.library.path: [C:\Program Files\Java\jdk-1.8\bin;C:\WINDOWS\Sun\Java\bin;C:\WINDOWS\system32;C:\WINDOWS;C:\WINDOWS\system32;C:\WINDOWS;C:\WINDOWS\System32\Wbem;C:\WINDOWS\System32\WindowsPowerShell\v1.0\;C:\WINDOWS\System32\OpenSSH\;C:\Program Files\Git\cmd;C:\Users\himan\AppData\Roaming\nvm;C:\Program Files\nodejs;C:\Program Files\PuTTY\;C:\Program Files\Docker\Docker\resources\bin;D:\chrome download\gradle-5.6.4\bin;C:\Program Files\Java\jdk-1.8\bin;C:\Program Files\Java\jdk-1.8\jre\bin;C:\Users\himan\Downloads\mongosh-2.1.1-win32-x64\bin;C:\Ruby32-x64\bin;C:\Program Files\MySQL\MySQL Shell 8.0\bin\;C:\Users\himan\AppData\Local\Microsoft\WindowsApps;C:\Users\himan\AppData\Local\Programs\Microsoft VS Code\bin;C:\Users\himan\AppData\Roaming\nvm;C:\Program Files\nodejs;D:\chrome download\gradle-5.6.4\bin;C:\Program Files\Java\jdk-1.8\bin;C:\Program Files\Java\jdk-1.8\jre\bin;C:\Program Files\heroku\bin;C:\Users\himan\Downloads\mongosh-2.1.1-win32-x64\bin;;.]
[INFO ] 2024-02-06T04:06:19,325 [localhost-startStop-1] [/] - Initializing Spring embedded WebApplicationContext
[INFO ] 2024-02-06T04:06:19,325 [localhost-startStop-1] ContextLoader - Root WebApplicationContext: initialization completed in 1994 ms
[INFO ] 2024-02-06T04:06:19,445 [localhost-startStop-1] ServletRegistrationBean - Servlet dispatcherServlet mapped to [/]
[INFO ] 2024-02-06T04:06:19,449 [localhost-startStop-1] FilterRegistrationBean - Mapping filter: 'characterEncodingFilter' to: [/*]
[INFO ] 2024-02-06T04:06:19,449 [localhost-startStop-1] FilterRegistrationBean - Mapping filter: 'hiddenHttpMethodFilter' to: [/*]
[INFO ] 2024-02-06T04:06:19,450 [localhost-startStop-1] FilterRegistrationBean - Mapping filter: 'httpPutFormContentFilter' to: [/*]
[INFO ] 2024-02-06T04:06:19,450 [localhost-startStop-1] FilterRegistrationBean - Mapping filter: 'requestContextFilter' to: [/*]
[INFO ] 2024-02-06T04:06:24,751 [main] RPCClient - Startup took 1592 msec
[INFO ] 2024-02-06T04:06:25,450 [main] SimpleUrlHandlerMapping - Mapped URL path [/**/favicon.ico] onto handler of type [class org.springframework.web.servlet.resource.ResourceHttpRequestHandler]
[INFO ] 2024-02-06T04:06:25,568 [main] RequestMappingHandlerAdapter - Looking for @ControllerAdvice: org.springframework.boot.web.servlet.context.AnnotationConfigServletWebServerApplicationContext@5ce8d869: startup date [Tue Feb 06 09:36:17 IST 2024]; root of context hierarchy
[INFO ] 2024-02-06T04:06:25,664 [main] RequestMappingHandlerMapping - Mapped "{[/get-owner/{linearIdStr}],methods=[GET],produces=[application/json]}" onto public org.springframework.http.ResponseEntity<java.lang.String> com.riequation.property.webserver.Controller.getOwner(java.lang.String)
[INFO ] 2024-02-06T04:06:25,666 [main] RequestMappingHandlerMapping - Mapped "{[/add-property],methods=[POST],consumes=[application/json],produces=[application/json]}" onto private org.springframework.http.ResponseEntity<java.lang.String> com.riequation.property.webserver.Controller.addProperty(java.util.Map<java.lang.String, java.lang.Object>)
[INFO ] 2024-02-06T04:06:25,667 [main] RequestMappingHandlerMapping - Mapped "{[/agents],methods=[GET],produces=[application/json]}" onto public org.springframework.http.ResponseEntity<java.util.List<com.riequation.property.webserver.Dto.AgentStateDTO>> com.riequation.property.webserver.Controller.getAllAgents()
[INFO ] 2024-02-06T04:06:25,668 [main] RequestMappingHandlerMapping - Mapped "{[/agent-login],methods=[POST],consumes=[application/json],produces=[application/json]}" onto public org.springframework.http.ResponseEntity<java.lang.String> com.riequation.property.webserver.Controller.loginAgent(java.util.Map<java.lang.String, java.lang.String>)
[INFO ] 2024-02-06T04:06:25,669 [main] RequestMappingHandlerMapping - Mapped "{[/owners],methods=[GET],produces=[application/json]}" onto public org.springframework.http.ResponseEntity<java.util.List<com.riequation.property.webserver.Dto.OwnerStateDTO>> com.riequation.property.webserver.Controller.getAllOwners()
[INFO ] 2024-02-06T04:06:25,670 [main] RequestMappingHandlerMapping - Mapped "{[/tenants],methods=[GET],produces=[application/json]}" onto public org.springframework.http.ResponseEntity<java.util.List<com.riequation.property.webserver.Dto.TenantStateDTO>> com.riequation.property.webserver.Controller.getAllTenants()
[INFO ] 2024-02-06T04:06:25,671 [main] RequestMappingHandlerMapping - Mapped "{[/create-owner],methods=[POST],consumes=[application/json],produces=[application/json]}" onto private org.springframework.http.ResponseEntity<java.lang.String> com.riequation.property.webserver.Controller.createOwner(java.util.HashMap<java.lang.String, java.lang.String>)
[INFO ] 2024-02-06T04:06:25,672 [main] RequestMappingHandlerMapping - Mapped "{[/create-tenant],methods=[POST],consumes=[application/json],produces=[application/json]}" onto public org.springframework.http.ResponseEntity<java.lang.String> com.riequation.property.webserver.Controller.createTenant(java.util.HashMap<java.lang.String, java.lang.String>)
[INFO ] 2024-02-06T04:06:25,673 [main] RequestMappingHandlerMapping - Mapped "{[/login-tentant],methods=[POST],consumes=[application/json],produces=[application/json]}" onto public org.springframework.http.ResponseEntity<java.lang.String> com.riequation.property.webserver.Controller.loginTentent(java.util.Map<java.lang.String, java.lang.String>)
[INFO ] 2024-02-06T04:06:25,674 [main] RequestMappingHandlerMapping - Mapped "{[/get-tenant/{linearIdStr}],methods=[GET],produces=[application/json]}" onto public org.springframework.http.ResponseEntity<java.lang.String> com.riequation.property.webserver.Controller.getTenant(java.lang.String)
[INFO ] 2024-02-06T04:06:25,675 [main] RequestMappingHandlerMapping - Mapped "{[/agent-owner-contracts],methods=[GET],produces=[application/json]}" onto public org.springframework.http.ResponseEntity<java.util.List<java.util.Map<java.lang.String, java.lang.Object>>> com.riequation.property.webserver.Controller.getAllContracts()
[INFO ] 2024-02-06T04:06:25,676 [main] RequestMappingHandlerMapping - Mapped "{[/properties],methods=[GET],produces=[application/json]}" onto public org.springframework.http.ResponseEntity<java.util.List<com.riequation.property.states.PropertyState>> com.riequation.property.webserver.Controller.getAllProperties()
[INFO ] 2024-02-06T04:06:25,677 [main] RequestMappingHandlerMapping - Mapped "{[/get-agent/{linearIdStr}],methods=[GET],produces=[application/json]}" onto public org.springframework.http.ResponseEntity<java.lang.String> com.riequation.property.webserver.Controller.getAgent(java.lang.String)
[INFO ] 2024-02-06T04:06:25,678 [main] RequestMappingHandlerMapping - Mapped "{[/get-property/{linearIdStr}],methods=[GET],produces=[application/json]}" onto public org.springframework.http.ResponseEntity<com.riequation.property.states.PropertyState> com.riequation.property.webserver.Controller.getPropertyById(java.lang.String)
[INFO ] 2024-02-06T04:06:25,679 [main] RequestMappingHandlerMapping - Mapped "{[/create-agent],methods=[POST],consumes=[application/json],produces=[application/json]}" onto public org.springframework.http.ResponseEntity<java.lang.String> com.riequation.property.webserver.Controller.createAgent(java.util.HashMap<java.lang.String, java.lang.String>)
[INFO ] 2024-02-06T04:06:25,680 [main] RequestMappingHandlerMapping - Mapped "{[/owner-login],methods=[POST],consumes=[application/json],produces=[application/json]}" onto public org.springframework.http.ResponseEntity<java.lang.String> com.riequation.property.webserver.Controller.loginUser(java.util.Map<java.lang.String, java.lang.String>)
[INFO ] 2024-02-06T04:06:25,683 [main] RequestMappingHandlerMapping - Mapped "{[/properties/ids],methods=[GET]}" onto public org.springframework.http.ResponseEntity<java.util.List<net.corda.core.contracts.UniqueIdentifier>> com.riequation.property.webserver.Controller.getPropertyIds()
[INFO ] 2024-02-06T04:06:25,684 [main] RequestMappingHandlerMapping - Mapped "{[/contracts/ids],methods=[GET]}" onto public org.springframework.http.ResponseEntity<java.util.List<net.corda.core.contracts.UniqueIdentifier>> com.riequation.property.webserver.Controller.getContractIds()
[INFO ] 2024-02-06T04:06:25,687 [main] RequestMappingHandlerMapping - Mapped "{[/contracts/owner],methods=[GET]}" onto public org.springframework.http.ResponseEntity<java.util.List<com.riequation.property.states.OwnerAgentPropertyContractState>> com.riequation.property.webserver.Controller.getconatractsByOwner(java.lang.String)
[INFO ] 2024-02-06T04:06:25,688 [main] RequestMappingHandlerMapping - Mapped "{[/contracts/agent],methods=[GET]}" onto public org.springframework.http.ResponseEntity<java.util.List<com.riequation.property.states.OwnerAgentPropertyContractState>> com.riequation.property.webserver.Controller.getContractsByAgent(java.lang.String)
[INFO ] 2024-02-06T04:06:25,688 [main] RequestMappingHandlerMapping - Mapped "{[/create-maintenance],methods=[POST],consumes=[application/json],produces=[application/json]}" onto public org.springframework.http.ResponseEntity<java.lang.String> com.riequation.property.webserver.Controller.createMaintenance(java.util.Map<java.lang.String, java.lang.Object>)
[INFO ] 2024-02-06T04:06:25,690 [main] RequestMappingHandlerMapping - Mapped "{[/api/maintenance],methods=[GET]}" onto public org.springframework.http.ResponseEntity<java.util.List<com.riequation.property.states.MaintenanceState>> com.riequation.property.webserver.Controller.getMaintenanceDetails(java.lang.String,java.lang.String,java.lang.String)
[INFO ] 2024-02-06T04:06:25,690 [main] RequestMappingHandlerMapping - Mapped "{[/get-contracts-by-owner],methods=[GET],produces=[application/json]}" onto public org.springframework.http.ResponseEntity<?> com.riequation.property.webserver.Controller.getContractsByOwner(java.lang.String)
[INFO ] 2024-02-06T04:06:25,691 [main] RequestMappingHandlerMapping - Mapped "{[/properties/owner/{ownerId}],methods=[GET],produces=[application/json]}" onto public org.springframework.http.ResponseEntity<java.util.List<com.riequation.property.states.PropertyState>> com.riequation.property.webserver.Controller.getPropertiesByOwnerId(java.lang.String)
[INFO ] 2024-02-06T04:06:25,693 [main] RequestMappingHandlerMapping - Mapped "{[/create-owner-agent-property-contract],methods=[POST],consumes=[application/json],produces=[application/json]}" onto public org.springframework.http.ResponseEntity<java.lang.String> com.riequation.property.webserver.Controller.createOwnerAgentPropertyContract(java.util.Map<java.lang.String, java.lang.String>)
[INFO ] 2024-02-06T04:06:25,697 [main] RequestMappingHandlerMapping - Mapped "{[/error]}" onto public org.springframework.http.ResponseEntity<java.util.Map<java.lang.String, java.lang.Object>> org.springframework.boot.autoconfigure.web.servlet.error.BasicErrorController.error(javax.servlet.http.HttpServletRequest)
[INFO ] 2024-02-06T04:06:25,697 [main] RequestMappingHandlerMapping - Mapped "{[/error],produces=[text/html]}" onto public org.springframework.web.servlet.ModelAndView org.springframework.boot.autoconfigure.web.servlet.error.BasicErrorController.errorHtml(javax.servlet.http.HttpServletRequest,javax.servlet.http.HttpServletResponse)
[INFO ] 2024-02-06T04:06:25,725 [main] SimpleUrlHandlerMapping - Mapped URL path [/webjars/**] onto handler of type [class org.springframework.web.servlet.resource.ResourceHttpRequestHandler]
[INFO ] 2024-02-06T04:06:25,726 [main] SimpleUrlHandlerMapping - Mapped URL path [/**] onto handler of type [class org.springframework.web.servlet.resource.ResourceHttpRequestHandler]
[INFO ] 2024-02-06T04:06:25,790 [main] WelcomePageHandlerMapping - Adding welcome page: class path resource [static/index.html]
[INFO ] 2024-02-06T04:06:25,937 [main] AnnotationMBeanExporter - Registering beans for JMX exposure on startup
[INFO ] 2024-02-06T04:06:25,949 [main] Http11NioProtocol - Starting ProtocolHandler ["http-nio-8080"]
[INFO ] 2024-02-06T04:06:25,951 [main] NioSelectorPool - Using a shared selector for servlet write/read
[INFO ] 2024-02-06T04:06:25,970 [main] TomcatWebServer - Tomcat started on port(s): 8080 (http) with context path ''
[INFO ] 2024-02-06T04:06:25,974 [main] Starter - Started Starter in 9.487 seconds (JVM running for 10.455)
[INFO ] 2024-02-06T04:09:00,914 [http-nio-8080-exec-1] [/] - Initializing Spring FrameworkServlet 'dispatcherServlet'
[INFO ] 2024-02-06T04:09:00,914 [http-nio-8080-exec-1] DispatcherServlet - FrameworkServlet 'dispatcherServlet': initialization started
[INFO ] 2024-02-06T04:09:00,935 [http-nio-8080-exec-1] DispatcherServlet - FrameworkServlet 'dispatcherServlet': initialization completed in 20 ms
[INFO ] 2024-02-06T05:48:37,901 [main] Starter - Starting Starter on Nitro_seven with PID 13340 (started by himan in E:\Corda Property Management\samples-java\Accounts\tictacthor\clients)
[INFO ] 2024-02-06T05:48:37,906 [main] Starter - No active profile set, falling back to default profiles: default
[INFO ] 2024-02-06T05:48:37,955 [main] AnnotationConfigServletWebServerApplicationContext - Refreshing org.springframework.boot.web.servlet.context.AnnotationConfigServletWebServerApplicationContext@5ce8d869: startup date [Tue Feb 06 11:18:37 IST 2024]; root of context hierarchy
[INFO ] 2024-02-06T05:48:39,670 [main] TomcatWebServer - Tomcat initialized with port(s): 8090 (http)
[INFO ] 2024-02-06T05:48:39,684 [main] Http11NioProtocol - Initializing ProtocolHandler ["http-nio-8090"]
[INFO ] 2024-02-06T05:48:39,693 [main] StandardService - Starting service [Tomcat]
[INFO ] 2024-02-06T05:48:39,693 [main] StandardEngine - Starting Servlet Engine: Apache Tomcat/8.5.31
[INFO ] 2024-02-06T05:48:39,703 [localhost-startStop-1] AprLifecycleListener - The APR based Apache Tomcat Native library which allows optimal performance in production environments was not found on the java.library.path: [C:\Program Files\Java\jdk-1.8\bin;C:\WINDOWS\Sun\Java\bin;C:\WINDOWS\system32;C:\WINDOWS;C:\WINDOWS\system32;C:\WINDOWS;C:\WINDOWS\System32\Wbem;C:\WINDOWS\System32\WindowsPowerShell\v1.0\;C:\WINDOWS\System32\OpenSSH\;C:\Program Files\Git\cmd;C:\Users\himan\AppData\Roaming\nvm;C:\Program Files\nodejs;C:\Program Files\PuTTY\;C:\Program Files\Docker\Docker\resources\bin;D:\chrome download\gradle-5.6.4\bin;C:\Program Files\Java\jdk-1.8\bin;C:\Program Files\Java\jdk-1.8\jre\bin;C:\Users\himan\Downloads\mongosh-2.1.1-win32-x64\bin;C:\Ruby32-x64\bin;C:\Program Files\MySQL\MySQL Shell 8.0\bin\;C:\Users\himan\AppData\Local\Microsoft\WindowsApps;C:\Users\himan\AppData\Local\Programs\Microsoft VS Code\bin;C:\Users\himan\AppData\Roaming\nvm;C:\Program Files\nodejs;D:\chrome download\gradle-5.6.4\bin;C:\Program Files\Java\jdk-1.8\bin;C:\Program Files\Java\jdk-1.8\jre\bin;C:\Program Files\heroku\bin;C:\Users\himan\Downloads\mongosh-2.1.1-win32-x64\bin;;.]
[INFO ] 2024-02-06T05:48:39,827 [localhost-startStop-1] [/] - Initializing Spring embedded WebApplicationContext
[INFO ] 2024-02-06T05:48:39,828 [localhost-startStop-1] ContextLoader - Root WebApplicationContext: initialization completed in 1876 ms
[INFO ] 2024-02-06T05:48:39,972 [localhost-startStop-1] ServletRegistrationBean - Servlet dispatcherServlet mapped to [/]
[INFO ] 2024-02-06T05:48:39,976 [localhost-startStop-1] FilterRegistrationBean - Mapping filter: 'characterEncodingFilter' to: [/*]
[INFO ] 2024-02-06T05:48:39,977 [localhost-startStop-1] FilterRegistrationBean - Mapping filter: 'hiddenHttpMethodFilter' to: [/*]
[INFO ] 2024-02-06T05:48:39,977 [localhost-startStop-1] FilterRegistrationBean - Mapping filter: 'httpPutFormContentFilter' to: [/*]
[INFO ] 2024-02-06T05:48:39,977 [localhost-startStop-1] FilterRegistrationBean - Mapping filter: 'requestContextFilter' to: [/*]
[INFO ] 2024-02-06T05:48:45,362 [main] RPCClient - Startup took 1770 msec
[INFO ] 2024-02-06T05:48:46,001 [main] SimpleUrlHandlerMapping - Mapped URL path [/**/favicon.ico] onto handler of type [class org.springframework.web.servlet.resource.ResourceHttpRequestHandler]
[INFO ] 2024-02-06T05:48:46,118 [main] RequestMappingHandlerAdapter - Looking for @ControllerAdvice: org.springframework.boot.web.servlet.context.AnnotationConfigServletWebServerApplicationContext@5ce8d869: startup date [Tue Feb 06 11:18:37 IST 2024]; root of context hierarchy
[INFO ] 2024-02-06T05:48:46,203 [main] RequestMappingHandlerMapping - Mapped "{[/add-property],methods=[POST],consumes=[application/json],produces=[application/json]}" onto private org.springframework.http.ResponseEntity<java.lang.String> com.riequation.property.webserver.Controller.addProperty(java.util.Map<java.lang.String, java.lang.Object>)
[INFO ] 2024-02-06T05:48:46,205 [main] RequestMappingHandlerMapping - Mapped "{[/create-owner],methods=[POST],consumes=[application/json],produces=[application/json]}" onto private org.springframework.http.ResponseEntity<java.lang.String> com.riequation.property.webserver.Controller.createOwner(java.util.HashMap<java.lang.String, java.lang.String>)
[INFO ] 2024-02-06T05:48:46,206 [main] RequestMappingHandlerMapping - Mapped "{[/owners],methods=[GET],produces=[application/json]}" onto public org.springframework.http.ResponseEntity<java.util.List<com.riequation.property.webserver.Dto.OwnerStateDTO>> com.riequation.property.webserver.Controller.getAllOwners()
[INFO ] 2024-02-06T05:48:46,206 [main] RequestMappingHandlerMapping - Mapped "{[/properties],methods=[GET],produces=[application/json]}" onto public org.springframework.http.ResponseEntity<java.util.List<com.riequation.property.states.PropertyState>> com.riequation.property.webserver.Controller.getAllProperties()
[INFO ] 2024-02-06T05:48:46,207 [main] RequestMappingHandlerMapping - Mapped "{[/get-property/{linearIdStr}],methods=[GET],produces=[application/json]}" onto public org.springframework.http.ResponseEntity<com.riequation.property.states.PropertyState> com.riequation.property.webserver.Controller.getPropertyById(java.lang.String)
[INFO ] 2024-02-06T05:48:46,208 [main] RequestMappingHandlerMapping - Mapped "{[/tenants],methods=[GET],produces=[application/json]}" onto public org.springframework.http.ResponseEntity<java.util.List<com.riequation.property.webserver.Dto.TenantStateDTO>> com.riequation.property.webserver.Controller.getAllTenants()
[INFO ] 2024-02-06T05:48:46,208 [main] RequestMappingHandlerMapping - Mapped "{[/login-tentant],methods=[POST],consumes=[application/json],produces=[application/json]}" onto public org.springframework.http.ResponseEntity<java.lang.String> com.riequation.property.webserver.Controller.loginTentent(java.util.Map<java.lang.String, java.lang.String>)
[INFO ] 2024-02-06T05:48:46,209 [main] RequestMappingHandlerMapping - Mapped "{[/properties/ids],methods=[GET]}" onto public org.springframework.http.ResponseEntity<java.util.List<net.corda.core.contracts.UniqueIdentifier>> com.riequation.property.webserver.Controller.getPropertyIds()
[INFO ] 2024-02-06T05:48:46,210 [main] RequestMappingHandlerMapping - Mapped "{[/contracts/ids],methods=[GET]}" onto public org.springframework.http.ResponseEntity<java.util.List<net.corda.core.contracts.UniqueIdentifier>> com.riequation.property.webserver.Controller.getContractIds()
[INFO ] 2024-02-06T05:48:46,211 [main] RequestMappingHandlerMapping - Mapped "{[/agent-owner-contracts],methods=[GET],produces=[application/json]}" onto public org.springframework.http.ResponseEntity<java.util.List<java.util.Map<java.lang.String, java.lang.Object>>> com.riequation.property.webserver.Controller.getAllContracts()
[INFO ] 2024-02-06T05:48:46,212 [main] RequestMappingHandlerMapping - Mapped "{[/owner-login],methods=[POST],consumes=[application/json],produces=[application/json]}" onto public org.springframework.http.ResponseEntity<java.lang.String> com.riequation.property.webserver.Controller.loginUser(java.util.Map<java.lang.String, java.lang.String>)
[INFO ] 2024-02-06T05:48:46,213 [main] RequestMappingHandlerMapping - Mapped "{[/create-agent],methods=[POST],consumes=[application/json],produces=[application/json]}" onto public org.springframework.http.ResponseEntity<java.lang.String> com.riequation.property.webserver.Controller.createAgent(java.util.HashMap<java.lang.String, java.lang.String>)
[INFO ] 2024-02-06T05:48:46,214 [main] RequestMappingHandlerMapping - Mapped "{[/agent-login],methods=[POST],consumes=[application/json],produces=[application/json]}" onto public org.springframework.http.ResponseEntity<java.lang.String> com.riequation.property.webserver.Controller.loginAgent(java.util.Map<java.lang.String, java.lang.String>)
[INFO ] 2024-02-06T05:48:46,215 [main] RequestMappingHandlerMapping - Mapped "{[/get-agent/{linearIdStr}],methods=[GET],produces=[application/json]}" onto public org.springframework.http.ResponseEntity<java.lang.String> com.riequation.property.webserver.Controller.getAgent(java.lang.String)
[INFO ] 2024-02-06T05:48:46,216 [main] RequestMappingHandlerMapping - Mapped "{[/create-tenant],methods=[POST],consumes=[application/json],produces=[application/json]}" onto public org.springframework.http.ResponseEntity<java.lang.String> com.riequation.property.webserver.Controller.createTenant(java.util.HashMap<java.lang.String, java.lang.String>)
[INFO ] 2024-02-06T05:48:46,217 [main] RequestMappingHandlerMapping - Mapped "{[/agents],methods=[GET],produces=[application/json]}" onto public org.springframework.http.ResponseEntity<java.util.List<com.riequation.property.webserver.Dto.AgentStateDTO>> com.riequation.property.webserver.Controller.getAllAgents()
[INFO ] 2024-02-06T05:48:46,220 [main] RequestMappingHandlerMapping - Mapped "{[/get-tenant/{linearIdStr}],methods=[GET],produces=[application/json]}" onto public org.springframework.http.ResponseEntity<java.lang.String> com.riequation.property.webserver.Controller.getTenant(java.lang.String)
[INFO ] 2024-02-06T05:48:46,221 [main] RequestMappingHandlerMapping - Mapped "{[/contracts/owner],methods=[GET]}" onto public org.springframework.http.ResponseEntity<java.util.List<com.riequation.property.states.OwnerAgentPropertyContractState>> com.riequation.property.webserver.Controller.getconatractsByOwner(java.lang.String)
[INFO ] 2024-02-06T05:48:46,221 [main] RequestMappingHandlerMapping - Mapped "{[/create-owner-agent-property-contract],methods=[POST],consumes=[application/json],produces=[application/json]}" onto public org.springframework.http.ResponseEntity<java.lang.String> com.riequation.property.webserver.Controller.createOwnerAgentPropertyContract(java.util.Map<java.lang.String, java.lang.String>)
[INFO ] 2024-02-06T05:48:46,222 [main] RequestMappingHandlerMapping - Mapped "{[/contracts/agent],methods=[GET]}" onto public org.springframework.http.ResponseEntity<java.util.List<com.riequation.property.states.OwnerAgentPropertyContractState>> com.riequation.property.webserver.Controller.getContractsByAgent(java.lang.String)
[INFO ] 2024-02-06T05:48:46,223 [main] RequestMappingHandlerMapping - Mapped "{[/properties/owner/{ownerId}],methods=[GET],produces=[application/json]}" onto public org.springframework.http.ResponseEntity<java.util.List<com.riequation.property.states.PropertyState>> com.riequation.property.webserver.Controller.getPropertiesByOwnerId(java.lang.String)
[INFO ] 2024-02-06T05:48:46,223 [main] RequestMappingHandlerMapping - Mapped "{[/get-contracts-by-owner],methods=[GET],produces=[application/json]}" onto public org.springframework.http.ResponseEntity<?> com.riequation.property.webserver.Controller.getContractsByOwner(java.lang.String)
[INFO ] 2024-02-06T05:48:46,224 [main] RequestMappingHandlerMapping - Mapped "{[/create-maintenance],methods=[POST],consumes=[application/json],produces=[application/json]}" onto public org.springframework.http.ResponseEntity<java.lang.String> com.riequation.property.webserver.Controller.createMaintenance(java.util.Map<java.lang.String, java.lang.Object>)
[INFO ] 2024-02-06T05:48:46,225 [main] RequestMappingHandlerMapping - Mapped "{[/api/maintenance],methods=[GET]}" onto public org.springframework.http.ResponseEntity<java.util.List<com.riequation.property.states.MaintenanceState>> com.riequation.property.webserver.Controller.getMaintenanceDetails(java.lang.String,java.lang.String,java.lang.String)
[INFO ] 2024-02-06T05:48:46,226 [main] RequestMappingHandlerMapping - Mapped "{[/get-owner/{linearIdStr}],methods=[GET],produces=[application/json]}" onto public org.springframework.http.ResponseEntity<java.lang.String> com.riequation.property.webserver.Controller.getOwner(java.lang.String)
[INFO ] 2024-02-06T05:48:46,229 [main] RequestMappingHandlerMapping - Mapped "{[/error],produces=[text/html]}" onto public org.springframework.web.servlet.ModelAndView org.springframework.boot.autoconfigure.web.servlet.error.BasicErrorController.errorHtml(javax.servlet.http.HttpServletRequest,javax.servlet.http.HttpServletResponse)
[INFO ] 2024-02-06T05:48:46,231 [main] RequestMappingHandlerMapping - Mapped "{[/error]}" onto public org.springframework.http.ResponseEntity<java.util.Map<java.lang.String, java.lang.Object>> org.springframework.boot.autoconfigure.web.servlet.error.BasicErrorController.error(javax.servlet.http.HttpServletRequest)
[INFO ] 2024-02-06T05:48:46,254 [main] SimpleUrlHandlerMapping - Mapped URL path [/webjars/**] onto handler of type [class org.springframework.web.servlet.resource.ResourceHttpRequestHandler]
[INFO ] 2024-02-06T05:48:46,254 [main] SimpleUrlHandlerMapping - Mapped URL path [/**] onto handler of type [class org.springframework.web.servlet.resource.ResourceHttpRequestHandler]
[INFO ] 2024-02-06T05:48:46,311 [main] WelcomePageHandlerMapping - Adding welcome page: class path resource [static/index.html]
[INFO ] 2024-02-06T05:48:46,459 [main] AnnotationMBeanExporter - Registering beans for JMX exposure on startup
[INFO ] 2024-02-06T05:48:46,471 [main] Http11NioProtocol - Starting ProtocolHandler ["http-nio-8090"]
[INFO ] 2024-02-06T05:48:46,473 [main] NioSelectorPool - Using a shared selector for servlet write/read
[INFO ] 2024-02-06T05:48:46,491 [main] TomcatWebServer - Tomcat started on port(s): 8090 (http) with context path ''
[INFO ] 2024-02-06T05:48:46,496 [main] Starter - Started Starter in 9.366 seconds (JVM running for 10.18)
[INFO ] 2024-02-06T05:48:51,240 [http-nio-8090-exec-2] [/] - Initializing Spring FrameworkServlet 'dispatcherServlet'
[INFO ] 2024-02-06T05:48:51,240 [http-nio-8090-exec-2] DispatcherServlet - FrameworkServlet 'dispatcherServlet': initialization started
[INFO ] 2024-02-06T05:48:51,257 [http-nio-8090-exec-2] DispatcherServlet - FrameworkServlet 'dispatcherServlet': initialization completed in 17 ms
[INFO ] 2024-02-06T11:38:22,040 [main] Starter - Starting Starter on Nitro_seven with PID 14592 (started by himan in E:\Corda Property Management\samples-java\Accounts\tictacthor\clients)
[INFO ] 2024-02-06T11:38:22,050 [main] Starter - No active profile set, falling back to default profiles: default
[INFO ] 2024-02-06T11:38:22,159 [main] AnnotationConfigServletWebServerApplicationContext - Refreshing org.springframework.boot.web.servlet.context.AnnotationConfigServletWebServerApplicationContext@5ce8d869: startup date [Tue Feb 06 17:08:22 IST 2024]; root of context hierarchy
[INFO ] 2024-02-06T11:38:22,769 [main] Starter - Starting Starter on Nitro_seven with PID 14732 (started by himan in E:\Corda Property Management\samples-java\Accounts\tictacthor\clients)
[INFO ] 2024-02-06T11:38:22,779 [main] Starter - No active profile set, falling back to default profiles: default
[INFO ] 2024-02-06T11:38:22,892 [main] AnnotationConfigServletWebServerApplicationContext - Refreshing org.springframework.boot.web.servlet.context.AnnotationConfigServletWebServerApplicationContext@27eedb64: startup date [Tue Feb 06 17:08:22 IST 2024]; root of context hierarchy
[INFO ] 2024-02-06T11:38:25,167 [main] TomcatWebServer - Tomcat initialized with port(s): 8080 (http)
[INFO ] 2024-02-06T11:38:25,182 [main] Http11NioProtocol - Initializing ProtocolHandler ["http-nio-8080"]
[INFO ] 2024-02-06T11:38:25,192 [main] StandardService - Starting service [Tomcat]
[INFO ] 2024-02-06T11:38:25,193 [main] StandardEngine - Starting Servlet Engine: Apache Tomcat/8.5.31
[INFO ] 2024-02-06T11:38:25,204 [localhost-startStop-1] AprLifecycleListener - The APR based Apache Tomcat Native library which allows optimal performance in production environments was not found on the java.library.path: [C:\Program Files\Java\jdk-1.8\bin;C:\WINDOWS\Sun\Java\bin;C:\WINDOWS\system32;C:\WINDOWS;C:\WINDOWS\system32;C:\WINDOWS;C:\WINDOWS\System32\Wbem;C:\WINDOWS\System32\WindowsPowerShell\v1.0\;C:\WINDOWS\System32\OpenSSH\;C:\Program Files\Git\cmd;C:\Users\himan\AppData\Roaming\nvm;C:\Program Files\nodejs;C:\Program Files\PuTTY\;C:\Program Files\Docker\Docker\resources\bin;D:\chrome download\gradle-5.6.4\bin;C:\Program Files\Java\jdk-1.8\bin;C:\Program Files\Java\jdk-1.8\jre\bin;C:\Users\himan\Downloads\mongosh-2.1.1-win32-x64\bin;C:\Ruby32-x64\bin;C:\Program Files\MySQL\MySQL Shell 8.0\bin\;C:\Users\himan\AppData\Local\Microsoft\WindowsApps;C:\Users\himan\AppData\Local\Programs\Microsoft VS Code\bin;C:\Users\himan\AppData\Roaming\nvm;C:\Program Files\nodejs;D:\chrome download\gradle-5.6.4\bin;C:\Program Files\Java\jdk-1.8\bin;C:\Program Files\Java\jdk-1.8\jre\bin;C:\Program Files\heroku\bin;C:\Users\himan\Downloads\mongosh-2.1.1-win32-x64\bin;;.]
[INFO ] 2024-02-06T11:38:25,369 [localhost-startStop-1] [/] - Initializing Spring embedded WebApplicationContext
[INFO ] 2024-02-06T11:38:25,370 [localhost-startStop-1] ContextLoader - Root WebApplicationContext: initialization completed in 3216 ms
[INFO ] 2024-02-06T11:38:25,503 [main] TomcatWebServer - Tomcat initialized with port(s): 8090 (http)
[INFO ] 2024-02-06T11:38:25,527 [main] Http11NioProtocol - Initializing ProtocolHandler ["http-nio-8090"]
[INFO ] 2024-02-06T11:38:25,546 [main] StandardService - Starting service [Tomcat]
[INFO ] 2024-02-06T11:38:25,547 [main] StandardEngine - Starting Servlet Engine: Apache Tomcat/8.5.31
[INFO ] 2024-02-06T11:38:25,560 [localhost-startStop-1] AprLifecycleListener - The APR based Apache Tomcat Native library which allows optimal performance in production environments was not found on the java.library.path: [C:\Program Files\Java\jdk-1.8\bin;C:\WINDOWS\Sun\Java\bin;C:\WINDOWS\system32;C:\WINDOWS;C:\WINDOWS\system32;C:\WINDOWS;C:\WINDOWS\System32\Wbem;C:\WINDOWS\System32\WindowsPowerShell\v1.0\;C:\WINDOWS\System32\OpenSSH\;C:\Program Files\Git\cmd;C:\Users\himan\AppData\Roaming\nvm;C:\Program Files\nodejs;C:\Program Files\PuTTY\;C:\Program Files\Docker\Docker\resources\bin;D:\chrome download\gradle-5.6.4\bin;C:\Program Files\Java\jdk-1.8\bin;C:\Program Files\Java\jdk-1.8\jre\bin;C:\Users\himan\Downloads\mongosh-2.1.1-win32-x64\bin;C:\Ruby32-x64\bin;C:\Program Files\MySQL\MySQL Shell 8.0\bin\;C:\Users\himan\AppData\Local\Microsoft\WindowsApps;C:\Users\himan\AppData\Local\Programs\Microsoft VS Code\bin;C:\Users\himan\AppData\Roaming\nvm;C:\Program Files\nodejs;D:\chrome download\gradle-5.6.4\bin;C:\Program Files\Java\jdk-1.8\bin;C:\Program Files\Java\jdk-1.8\jre\bin;C:\Program Files\heroku\bin;C:\Users\himan\Downloads\mongosh-2.1.1-win32-x64\bin;;.]
[INFO ] 2024-02-06T11:38:25,578 [localhost-startStop-1] ServletRegistrationBean - Servlet dispatcherServlet mapped to [/]
[INFO ] 2024-02-06T11:38:25,584 [localhost-startStop-1] FilterRegistrationBean - Mapping filter: 'characterEncodingFilter' to: [/*]
[INFO ] 2024-02-06T11:38:25,585 [localhost-startStop-1] FilterRegistrationBean - Mapping filter: 'hiddenHttpMethodFilter' to: [/*]
[INFO ] 2024-02-06T11:38:25,585 [localhost-startStop-1] FilterRegistrationBean - Mapping filter: 'httpPutFormContentFilter' to: [/*]
[INFO ] 2024-02-06T11:38:25,586 [localhost-startStop-1] FilterRegistrationBean - Mapping filter: 'requestContextFilter' to: [/*]
[INFO ] 2024-02-06T11:38:25,768 [localhost-startStop-1] [/] - Initializing Spring embedded WebApplicationContext
[INFO ] 2024-02-06T11:38:25,769 [localhost-startStop-1] ContextLoader - Root WebApplicationContext: initialization completed in 2880 ms
[INFO ] 2024-02-06T11:38:25,953 [localhost-startStop-1] ServletRegistrationBean - Servlet dispatcherServlet mapped to [/]
[INFO ] 2024-02-06T11:38:25,965 [localhost-startStop-1] FilterRegistrationBean - Mapping filter: 'characterEncodingFilter' to: [/*]
[INFO ] 2024-02-06T11:38:25,966 [localhost-startStop-1] FilterRegistrationBean - Mapping filter: 'hiddenHttpMethodFilter' to: [/*]
[INFO ] 2024-02-06T11:38:25,966 [localhost-startStop-1] FilterRegistrationBean - Mapping filter: 'httpPutFormContentFilter' to: [/*]
[INFO ] 2024-02-06T11:38:25,967 [localhost-startStop-1] FilterRegistrationBean - Mapping filter: 'requestContextFilter' to: [/*]
[INFO ] 2024-02-06T11:38:33,085 [main] RPCClient - Startup took 2188 msec
[INFO ] 2024-02-06T11:38:33,357 [main] RPCClient - Startup took 2146 msec
[INFO ] 2024-02-06T11:38:34,247 [main] SimpleUrlHandlerMapping - Mapped URL path [/**/favicon.ico] onto handler of type [class org.springframework.web.servlet.resource.ResourceHttpRequestHandler]
[INFO ] 2024-02-06T11:38:34,441 [main] RequestMappingHandlerAdapter - Looking for @ControllerAdvice: org.springframework.boot.web.servlet.context.AnnotationConfigServletWebServerApplicationContext@5ce8d869: startup date [Tue Feb 06 17:08:22 IST 2024]; root of context hierarchy
[INFO ] 2024-02-06T11:38:34,588 [main] RequestMappingHandlerMapping - Mapped "{[/get-owner/{linearIdStr}],methods=[GET],produces=[application/json]}" onto public org.springframework.http.ResponseEntity<java.lang.String> com.riequation.property.webserver.Controller.getOwner(java.lang.String)
[INFO ] 2024-02-06T11:38:34,591 [main] RequestMappingHandlerMapping - Mapped "{[/add-property],methods=[POST],consumes=[application/json],produces=[application/json]}" onto private org.springframework.http.ResponseEntity<java.lang.String> com.riequation.property.webserver.Controller.addProperty(java.util.Map<java.lang.String, java.lang.Object>)
[INFO ] 2024-02-06T11:38:34,592 [main] RequestMappingHandlerMapping - Mapped "{[/owners],methods=[GET],produces=[application/json]}" onto public org.springframework.http.ResponseEntity<java.util.List<com.riequation.property.webserver.Dto.OwnerStateDTO>> com.riequation.property.webserver.Controller.getAllOwners()
[INFO ] 2024-02-06T11:38:34,593 [main] RequestMappingHandlerMapping - Mapped "{[/create-owner],methods=[POST],consumes=[application/json],produces=[application/json]}" onto private org.springframework.http.ResponseEntity<java.lang.String> com.riequation.property.webserver.Controller.createOwner(java.util.HashMap<java.lang.String, java.lang.String>)
[INFO ] 2024-02-06T11:38:34,595 [main] RequestMappingHandlerMapping - Mapped "{[/create-agent],methods=[POST],consumes=[application/json],produces=[application/json]}" onto public org.springframework.http.ResponseEntity<java.lang.String> com.riequation.property.webserver.Controller.createAgent(java.util.HashMap<java.lang.String, java.lang.String>)
[INFO ] 2024-02-06T11:38:34,596 [main] RequestMappingHandlerMapping - Mapped "{[/agent-login],methods=[POST],consumes=[application/json],produces=[application/json]}" onto public org.springframework.http.ResponseEntity<java.lang.String> com.riequation.property.webserver.Controller.loginAgent(java.util.Map<java.lang.String, java.lang.String>)
[INFO ] 2024-02-06T11:38:34,597 [main] RequestMappingHandlerMapping - Mapped "{[/owner-login],methods=[POST],consumes=[application/json],produces=[application/json]}" onto public org.springframework.http.ResponseEntity<java.lang.String> com.riequation.property.webserver.Controller.loginUser(java.util.Map<java.lang.String, java.lang.String>)
[INFO ] 2024-02-06T11:38:34,601 [main] RequestMappingHandlerMapping - Mapped "{[/get-tenant/{linearIdStr}],methods=[GET],produces=[application/json]}" onto public org.springframework.http.ResponseEntity<java.lang.String> com.riequation.property.webserver.Controller.getTenant(java.lang.String)
[INFO ] 2024-02-06T11:38:34,609 [main] RequestMappingHandlerMapping - Mapped "{[/get-agent/{linearIdStr}],methods=[GET],produces=[application/json]}" onto public org.springframework.http.ResponseEntity<java.lang.String> com.riequation.property.webserver.Controller.getAgent(java.lang.String)
[INFO ] 2024-02-06T11:38:34,611 [main] RequestMappingHandlerMapping - Mapped "{[/agent-owner-contracts],methods=[GET],produces=[application/json]}" onto public org.springframework.http.ResponseEntity<java.util.List<java.util.Map<java.lang.String, java.lang.Object>>> com.riequation.property.webserver.Controller.getAllContracts()
[INFO ] 2024-02-06T11:38:34,614 [main] RequestMappingHandlerMapping - Mapped "{[/create-tenant],methods=[POST],consumes=[application/json],produces=[application/json]}" onto public org.springframework.http.ResponseEntity<java.lang.String> com.riequation.property.webserver.Controller.createTenant(java.util.HashMap<java.lang.String, java.lang.String>)
[INFO ] 2024-02-06T11:38:34,634 [main] RequestMappingHandlerMapping - Mapped "{[/properties],methods=[GET],produces=[application/json]}" onto public org.springframework.http.ResponseEntity<java.util.List<com.riequation.property.states.PropertyState>> com.riequation.property.webserver.Controller.getAllProperties()
[INFO ] 2024-02-06T11:38:34,636 [main] RequestMappingHandlerMapping - Mapped "{[/get-property/{linearIdStr}],methods=[GET],produces=[application/json]}" onto public org.springframework.http.ResponseEntity<com.riequation.property.states.PropertyState> com.riequation.property.webserver.Controller.getPropertyById(java.lang.String)
[INFO ] 2024-02-06T11:38:34,637 [main] RequestMappingHandlerMapping - Mapped "{[/tenants],methods=[GET],produces=[application/json]}" onto public org.springframework.http.ResponseEntity<java.util.List<com.riequation.property.webserver.Dto.TenantStateDTO>> com.riequation.property.webserver.Controller.getAllTenants()
[INFO ] 2024-02-06T11:38:34,639 [main] RequestMappingHandlerMapping - Mapped "{[/agents],methods=[GET],produces=[application/json]}" onto public org.springframework.http.ResponseEntity<java.util.List<com.riequation.property.webserver.Dto.AgentStateDTO>> com.riequation.property.webserver.Controller.getAllAgents()
[INFO ] 2024-02-06T11:38:34,640 [main] RequestMappingHandlerMapping - Mapped "{[/login-tentant],methods=[POST],consumes=[application/json],produces=[application/json]}" onto public org.springframework.http.ResponseEntity<java.lang.String> com.riequation.property.webserver.Controller.loginTentent(java.util.Map<java.lang.String, java.lang.String>)
[INFO ] 2024-02-06T11:38:34,644 [main] RequestMappingHandlerMapping - Mapped "{[/create-maintenance],methods=[POST],consumes=[application/json],produces=[application/json]}" onto public org.springframework.http.ResponseEntity<java.lang.String> com.riequation.property.webserver.Controller.createMaintenance(java.util.Map<java.lang.String, java.lang.Object>)
[INFO ] 2024-02-06T11:38:34,645 [main] RequestMappingHandlerMapping - Mapped "{[/contracts/owner],methods=[GET]}" onto public org.springframework.http.ResponseEntity<java.util.List<com.riequation.property.states.OwnerAgentPropertyContractState>> com.riequation.property.webserver.Controller.getconatractsByOwner(java.lang.String)
[INFO ] 2024-02-06T11:38:34,646 [main] RequestMappingHandlerMapping - Mapped "{[/contracts/agent],methods=[GET]}" onto public org.springframework.http.ResponseEntity<java.util.List<com.riequation.property.states.OwnerAgentPropertyContractState>> com.riequation.property.webserver.Controller.getContractsByAgent(java.lang.String)
[INFO ] 2024-02-06T11:38:34,647 [main] RequestMappingHandlerMapping - Mapped "{[/get-contracts-by-owner],methods=[GET],produces=[application/json]}" onto public org.springframework.http.ResponseEntity<?> com.riequation.property.webserver.Controller.getContractsByOwner(java.lang.String)
[INFO ] 2024-02-06T11:38:34,648 [main] RequestMappingHandlerMapping - Mapped "{[/properties/owner/{ownerId}],methods=[GET],produces=[application/json]}" onto public org.springframework.http.ResponseEntity<java.util.List<com.riequation.property.states.PropertyState>> com.riequation.property.webserver.Controller.getPropertiesByOwnerId(java.lang.String)
[INFO ] 2024-02-06T11:38:34,649 [main] RequestMappingHandlerMapping - Mapped "{[/create-owner-agent-property-contract],methods=[POST],consumes=[application/json],produces=[application/json]}" onto public org.springframework.http.ResponseEntity<java.lang.String> com.riequation.property.webserver.Controller.createOwnerAgentPropertyContract(java.util.Map<java.lang.String, java.lang.String>)
[INFO ] 2024-02-06T11:38:34,652 [main] RequestMappingHandlerMapping - Mapped "{[/get-maintenance/{propertyId}],methods=[GET]}" onto public org.springframework.http.ResponseEntity<java.util.List<com.riequation.property.states.MaintenanceState>> com.riequation.property.webserver.Controller.getMaintenanceDetailsByPropertyId(java.lang.String)
[INFO ] 2024-02-06T11:38:34,656 [main] RequestMappingHandlerMapping - Mapped "{[/error]}" onto public org.springframework.http.ResponseEntity<java.util.Map<java.lang.String, java.lang.Object>> org.springframework.boot.autoconfigure.web.servlet.error.BasicErrorController.error(javax.servlet.http.HttpServletRequest)
[INFO ] 2024-02-06T11:38:34,657 [main] RequestMappingHandlerMapping - Mapped "{[/error],produces=[text/html]}" onto public org.springframework.web.servlet.ModelAndView org.springframework.boot.autoconfigure.web.servlet.error.BasicErrorController.errorHtml(javax.servlet.http.HttpServletRequest,javax.servlet.http.HttpServletResponse)
[INFO ] 2024-02-06T11:38:34,694 [main] SimpleUrlHandlerMapping - Mapped URL path [/webjars/**] onto handler of type [class org.springframework.web.servlet.resource.ResourceHttpRequestHandler]
[INFO ] 2024-02-06T11:38:34,695 [main] SimpleUrlHandlerMapping - Mapped URL path [/**] onto handler of type [class org.springframework.web.servlet.resource.ResourceHttpRequestHandler]
[INFO ] 2024-02-06T11:38:34,737 [main] SimpleUrlHandlerMapping - Mapped URL path [/**/favicon.ico] onto handler of type [class org.springframework.web.servlet.resource.ResourceHttpRequestHandler]
[INFO ] 2024-02-06T11:38:34,810 [main] WelcomePageHandlerMapping - Adding welcome page: class path resource [static/index.html]
[INFO ] 2024-02-06T11:38:35,096 [main] RequestMappingHandlerAdapter - Looking for @ControllerAdvice: org.springframework.boot.web.servlet.context.AnnotationConfigServletWebServerApplicationContext@27eedb64: startup date [Tue Feb 06 17:08:22 IST 2024]; root of context hierarchy
[INFO ] 2024-02-06T11:38:35,184 [main] AnnotationMBeanExporter - Registering beans for JMX exposure on startup
[INFO ] 2024-02-06T11:38:35,257 [main] Http11NioProtocol - Starting ProtocolHandler ["http-nio-8080"]
[INFO ] 2024-02-06T11:38:35,265 [main] NioSelectorPool - Using a shared selector for servlet write/read
[INFO ] 2024-02-06T11:38:35,269 [main] RequestMappingHandlerMapping - Mapped "{[/add-property],methods=[POST],consumes=[application/json],produces=[application/json]}" onto private org.springframework.http.ResponseEntity<java.lang.String> com.riequation.property.webserver.Controller.addProperty(java.util.Map<java.lang.String, java.lang.Object>)
[INFO ] 2024-02-06T11:38:35,274 [main] RequestMappingHandlerMapping - Mapped "{[/create-owner],methods=[POST],consumes=[application/json],produces=[application/json]}" onto private org.springframework.http.ResponseEntity<java.lang.String> com.riequation.property.webserver.Controller.createOwner(java.util.HashMap<java.lang.String, java.lang.String>)
[INFO ] 2024-02-06T11:38:35,275 [main] RequestMappingHandlerMapping - Mapped "{[/owners],methods=[GET],produces=[application/json]}" onto public org.springframework.http.ResponseEntity<java.util.List<com.riequation.property.webserver.Dto.OwnerStateDTO>> com.riequation.property.webserver.Controller.getAllOwners()
[INFO ] 2024-02-06T11:38:35,276 [main] RequestMappingHandlerMapping - Mapped "{[/create-agent],methods=[POST],consumes=[application/json],produces=[application/json]}" onto public org.springframework.http.ResponseEntity<java.lang.String> com.riequation.property.webserver.Controller.createAgent(java.util.HashMap<java.lang.String, java.lang.String>)
[INFO ] 2024-02-06T11:38:35,277 [main] RequestMappingHandlerMapping - Mapped "{[/agent-login],methods=[POST],consumes=[application/json],produces=[application/json]}" onto public org.springframework.http.ResponseEntity<java.lang.String> com.riequation.property.webserver.Controller.loginAgent(java.util.Map<java.lang.String, java.lang.String>)
[INFO ] 2024-02-06T11:38:35,279 [main] RequestMappingHandlerMapping - Mapped "{[/agents],methods=[GET],produces=[application/json]}" onto public org.springframework.http.ResponseEntity<java.util.List<com.riequation.property.webserver.Dto.AgentStateDTO>> com.riequation.property.webserver.Controller.getAllAgents()
[INFO ] 2024-02-06T11:38:35,281 [main] RequestMappingHandlerMapping - Mapped "{[/get-agent/{linearIdStr}],methods=[GET],produces=[application/json]}" onto public org.springframework.http.ResponseEntity<java.lang.String> com.riequation.property.webserver.Controller.getAgent(java.lang.String)
[INFO ] 2024-02-06T11:38:35,283 [main] RequestMappingHandlerMapping - Mapped "{[/properties],methods=[GET],produces=[application/json]}" onto public org.springframework.http.ResponseEntity<java.util.List<com.riequation.property.states.PropertyState>> com.riequation.property.webserver.Controller.getAllProperties()
[INFO ] 2024-02-06T11:38:35,284 [main] RequestMappingHandlerMapping - Mapped "{[/agent-owner-contracts],methods=[GET],produces=[application/json]}" onto public org.springframework.http.ResponseEntity<java.util.List<java.util.Map<java.lang.String, java.lang.Object>>> com.riequation.property.webserver.Controller.getAllContracts()
[INFO ] 2024-02-06T11:38:35,286 [main] RequestMappingHandlerMapping - Mapped "{[/login-tentant],methods=[POST],consumes=[application/json],produces=[application/json]}" onto public org.springframework.http.ResponseEntity<java.lang.String> com.riequation.property.webserver.Controller.loginTentent(java.util.Map<java.lang.String, java.lang.String>)
[INFO ] 2024-02-06T11:38:35,301 [main] RequestMappingHandlerMapping - Mapped "{[/get-property/{linearIdStr}],methods=[GET],produces=[application/json]}" onto public org.springframework.http.ResponseEntity<com.riequation.property.states.PropertyState> com.riequation.property.webserver.Controller.getPropertyById(java.lang.String)
[INFO ] 2024-02-06T11:38:35,302 [main] RequestMappingHandlerMapping - Mapped "{[/owner-login],methods=[POST],consumes=[application/json],produces=[application/json]}" onto public org.springframework.http.ResponseEntity<java.lang.String> com.riequation.property.webserver.Controller.loginUser(java.util.Map<java.lang.String, java.lang.String>)
[INFO ] 2024-02-06T11:38:35,303 [main] RequestMappingHandlerMapping - Mapped "{[/create-tenant],methods=[POST],consumes=[application/json],produces=[application/json]}" onto public org.springframework.http.ResponseEntity<java.lang.String> com.riequation.property.webserver.Controller.createTenant(java.util.HashMap<java.lang.String, java.lang.String>)
[INFO ] 2024-02-06T11:38:35,304 [main] RequestMappingHandlerMapping - Mapped "{[/tenants],methods=[GET],produces=[application/json]}" onto public org.springframework.http.ResponseEntity<java.util.List<com.riequation.property.webserver.Dto.TenantStateDTO>> com.riequation.property.webserver.Controller.getAllTenants()
[INFO ] 2024-02-06T11:38:35,305 [main] RequestMappingHandlerMapping - Mapped "{[/get-tenant/{linearIdStr}],methods=[GET],produces=[application/json]}" onto public org.springframework.http.ResponseEntity<java.lang.String> com.riequation.property.webserver.Controller.getTenant(java.lang.String)
[INFO ] 2024-02-06T11:38:35,306 [main] RequestMappingHandlerMapping - Mapped "{[/properties/owner/{ownerId}],methods=[GET],produces=[application/json]}" onto public org.springframework.http.ResponseEntity<java.util.List<com.riequation.property.states.PropertyState>> com.riequation.property.webserver.Controller.getPropertiesByOwnerId(java.lang.String)
[INFO ] 2024-02-06T11:38:35,308 [main] RequestMappingHandlerMapping - Mapped "{[/create-owner-agent-property-contract],methods=[POST],consumes=[application/json],produces=[application/json]}" onto public org.springframework.http.ResponseEntity<java.lang.String> com.riequation.property.webserver.Controller.createOwnerAgentPropertyContract(java.util.Map<java.lang.String, java.lang.String>)
[INFO ] 2024-02-06T11:38:35,309 [main] RequestMappingHandlerMapping - Mapped "{[/contracts/owner],methods=[GET]}" onto public org.springframework.http.ResponseEntity<java.util.List<com.riequation.property.states.OwnerAgentPropertyContractState>> com.riequation.property.webserver.Controller.getconatractsByOwner(java.lang.String)
[INFO ] 2024-02-06T11:38:35,310 [main] RequestMappingHandlerMapping - Mapped "{[/create-maintenance],methods=[POST],consumes=[application/json],produces=[application/json]}" onto public org.springframework.http.ResponseEntity<java.lang.String> com.riequation.property.webserver.Controller.createMaintenance(java.util.Map<java.lang.String, java.lang.Object>)
[INFO ] 2024-02-06T11:38:35,311 [main] RequestMappingHandlerMapping - Mapped "{[/contracts/agent],methods=[GET]}" onto public org.springframework.http.ResponseEntity<java.util.List<com.riequation.property.states.OwnerAgentPropertyContractState>> com.riequation.property.webserver.Controller.getContractsByAgent(java.lang.String)
[INFO ] 2024-02-06T11:38:35,312 [main] RequestMappingHandlerMapping - Mapped "{[/get-contracts-by-owner],methods=[GET],produces=[application/json]}" onto public org.springframework.http.ResponseEntity<?> com.riequation.property.webserver.Controller.getContractsByOwner(java.lang.String)
[INFO ] 2024-02-06T11:38:35,313 [main] RequestMappingHandlerMapping - Mapped "{[/get-maintenance/{propertyId}],methods=[GET]}" onto public org.springframework.http.ResponseEntity<java.util.List<com.riequation.property.states.MaintenanceState>> com.riequation.property.webserver.Controller.getMaintenanceDetailsByPropertyId(java.lang.String)
[INFO ] 2024-02-06T11:38:35,314 [main] RequestMappingHandlerMapping - Mapped "{[/get-owner/{linearIdStr}],methods=[GET],produces=[application/json]}" onto public org.springframework.http.ResponseEntity<java.lang.String> com.riequation.property.webserver.Controller.getOwner(java.lang.String)
[INFO ] 2024-02-06T11:38:35,317 [main] RequestMappingHandlerMapping - Mapped "{[/error],produces=[text/html]}" onto public org.springframework.web.servlet.ModelAndView org.springframework.boot.autoconfigure.web.servlet.error.BasicErrorController.errorHtml(javax.servlet.http.HttpServletRequest,javax.servlet.http.HttpServletResponse)
[INFO ] 2024-02-06T11:38:35,321 [main] RequestMappingHandlerMapping - Mapped "{[/error]}" onto public org.springframework.http.ResponseEntity<java.util.Map<java.lang.String, java.lang.Object>> org.springframework.boot.autoconfigure.web.servlet.error.BasicErrorController.error(javax.servlet.http.HttpServletRequest)
[INFO ] 2024-02-06T11:38:35,428 [main] TomcatWebServer - Tomcat started on port(s): 8080 (http) with context path ''
[INFO ] 2024-02-06T11:38:35,444 [main] Starter - Started Starter in 14.564 seconds (JVM running for 15.704)
[INFO ] 2024-02-06T11:38:35,448 [main] SimpleUrlHandlerMapping - Mapped URL path [/webjars/**] onto handler of type [class org.springframework.web.servlet.resource.ResourceHttpRequestHandler]
[INFO ] 2024-02-06T11:38:35,448 [main] SimpleUrlHandlerMapping - Mapped URL path [/**] onto handler of type [class org.springframework.web.servlet.resource.ResourceHttpRequestHandler]
[INFO ] 2024-02-06T11:38:35,525 [main] WelcomePageHandlerMapping - Adding welcome page: class path resource [static/index.html]
[INFO ] 2024-02-06T11:38:35,771 [main] AnnotationMBeanExporter - Registering beans for JMX exposure on startup
[INFO ] 2024-02-06T11:38:35,795 [main] Http11NioProtocol - Starting ProtocolHandler ["http-nio-8090"]
[INFO ] 2024-02-06T11:38:35,798 [main] NioSelectorPool - Using a shared selector for servlet write/read
[INFO ] 2024-02-06T11:38:35,826 [main] TomcatWebServer - Tomcat started on port(s): 8090 (http) with context path ''
[INFO ] 2024-02-06T11:38:35,831 [main] Starter - Started Starter in 14.44 seconds (JVM running for 15.553)
[INFO ] 2024-02-06T11:40:17,776 [http-nio-8080-exec-8] [/] - Initializing Spring FrameworkServlet 'dispatcherServlet'
[INFO ] 2024-02-06T11:40:17,776 [http-nio-8080-exec-8] DispatcherServlet - FrameworkServlet 'dispatcherServlet': initialization started
[INFO ] 2024-02-06T11:40:17,794 [http-nio-8080-exec-8] DispatcherServlet - FrameworkServlet 'dispatcherServlet': initialization completed in 17 ms
[INFO ] 2024-02-06T11:40:42,823 [http-nio-8090-exec-1] [/] - Initializing Spring FrameworkServlet 'dispatcherServlet'
[INFO ] 2024-02-06T11:40:42,823 [http-nio-8090-exec-1] DispatcherServlet - FrameworkServlet 'dispatcherServlet': initialization started
[INFO ] 2024-02-06T11:40:42,839 [http-nio-8090-exec-1] DispatcherServlet - FrameworkServlet 'dispatcherServlet': initialization completed in 16 ms
[INFO ] 2024-02-06T11:46:28,662 [main] Starter - Starting Starter on Nitro_seven with PID 14608 (started by himan in E:\Corda Property Management\samples-java\Accounts\tictacthor\clients)
[INFO ] 2024-02-06T11:46:28,671 [main] Starter - No active profile set, falling back to default profiles: default
[INFO ] 2024-02-06T11:46:28,763 [main] AnnotationConfigServletWebServerApplicationContext - Refreshing org.springframework.boot.web.servlet.context.AnnotationConfigServletWebServerApplicationContext@27eedb64: startup date [Tue Feb 06 17:16:28 IST 2024]; root of context hierarchy
[INFO ] 2024-02-06T11:46:30,807 [main] Starter - Starting Starter on Nitro_seven with PID 13584 (started by himan in E:\Corda Property Management\samples-java\Accounts\tictacthor\clients)
[INFO ] 2024-02-06T11:46:30,814 [main] Starter - No active profile set, falling back to default profiles: default
[INFO ] 2024-02-06T11:46:30,870 [main] AnnotationConfigServletWebServerApplicationContext - Refreshing org.springframework.boot.web.servlet.context.AnnotationConfigServletWebServerApplicationContext@5ce8d869: startup date [Tue Feb 06 17:16:30 IST 2024]; root of context hierarchy
[INFO ] 2024-02-06T11:46:31,431 [main] TomcatWebServer - Tomcat initialized with port(s): 8090 (http)
[INFO ] 2024-02-06T11:46:31,453 [main] Http11NioProtocol - Initializing ProtocolHandler ["http-nio-8090"]
[INFO ] 2024-02-06T11:46:31,467 [main] StandardService - Starting service [Tomcat]
[INFO ] 2024-02-06T11:46:31,469 [main] StandardEngine - Starting Servlet Engine: Apache Tomcat/8.5.31
[INFO ] 2024-02-06T11:46:31,486 [localhost-startStop-1] AprLifecycleListener - The APR based Apache Tomcat Native library which allows optimal performance in production environments was not found on the java.library.path: [C:\Program Files\Java\jdk-1.8\bin;C:\WINDOWS\Sun\Java\bin;C:\WINDOWS\system32;C:\WINDOWS;C:\WINDOWS\system32;C:\WINDOWS;C:\WINDOWS\System32\Wbem;C:\WINDOWS\System32\WindowsPowerShell\v1.0\;C:\WINDOWS\System32\OpenSSH\;C:\Program Files\Git\cmd;C:\Users\himan\AppData\Roaming\nvm;C:\Program Files\nodejs;C:\Program Files\PuTTY\;C:\Program Files\Docker\Docker\resources\bin;D:\chrome download\gradle-5.6.4\bin;C:\Program Files\Java\jdk-1.8\bin;C:\Program Files\Java\jdk-1.8\jre\bin;C:\Users\himan\Downloads\mongosh-2.1.1-win32-x64\bin;C:\Ruby32-x64\bin;C:\Program Files\MySQL\MySQL Shell 8.0\bin\;C:\Users\himan\AppData\Local\Microsoft\WindowsApps;C:\Users\himan\AppData\Local\Programs\Microsoft VS Code\bin;C:\Users\himan\AppData\Roaming\nvm;C:\Program Files\nodejs;D:\chrome download\gradle-5.6.4\bin;C:\Program Files\Java\jdk-1.8\bin;C:\Program Files\Java\jdk-1.8\jre\bin;C:\Program Files\heroku\bin;C:\Users\himan\Downloads\mongosh-2.1.1-win32-x64\bin;;.]
[INFO ] 2024-02-06T11:46:31,723 [localhost-startStop-1] [/] - Initializing Spring embedded WebApplicationContext
[INFO ] 2024-02-06T11:46:31,723 [localhost-startStop-1] ContextLoader - Root WebApplicationContext: initialization completed in 2966 ms
[INFO ] 2024-02-06T11:46:31,995 [localhost-startStop-1] ServletRegistrationBean - Servlet dispatcherServlet mapped to [/]
[INFO ] 2024-02-06T11:46:32,007 [localhost-startStop-1] FilterRegistrationBean - Mapping filter: 'characterEncodingFilter' to: [/*]
[INFO ] 2024-02-06T11:46:32,008 [localhost-startStop-1] FilterRegistrationBean - Mapping filter: 'hiddenHttpMethodFilter' to: [/*]
[INFO ] 2024-02-06T11:46:32,009 [localhost-startStop-1] FilterRegistrationBean - Mapping filter: 'httpPutFormContentFilter' to: [/*]
[INFO ] 2024-02-06T11:46:32,010 [localhost-startStop-1] FilterRegistrationBean - Mapping filter: 'requestContextFilter' to: [/*]
[INFO ] 2024-02-06T11:46:33,620 [main] TomcatWebServer - Tomcat initialized with port(s): 8080 (http)
[INFO ] 2024-02-06T11:46:33,640 [main] Http11NioProtocol - Initializing ProtocolHandler ["http-nio-8080"]
[INFO ] 2024-02-06T11:46:33,653 [main] StandardService - Starting service [Tomcat]
[INFO ] 2024-02-06T11:46:33,653 [main] StandardEngine - Starting Servlet Engine: Apache Tomcat/8.5.31
[INFO ] 2024-02-06T11:46:33,668 [localhost-startStop-1] AprLifecycleListener - The APR based Apache Tomcat Native library which allows optimal performance in production environments was not found on the java.library.path: [C:\Program Files\Java\jdk-1.8\bin;C:\WINDOWS\Sun\Java\bin;C:\WINDOWS\system32;C:\WINDOWS;C:\WINDOWS\system32;C:\WINDOWS;C:\WINDOWS\System32\Wbem;C:\WINDOWS\System32\WindowsPowerShell\v1.0\;C:\WINDOWS\System32\OpenSSH\;C:\Program Files\Git\cmd;C:\Users\himan\AppData\Roaming\nvm;C:\Program Files\nodejs;C:\Program Files\PuTTY\;C:\Program Files\Docker\Docker\resources\bin;D:\chrome download\gradle-5.6.4\bin;C:\Program Files\Java\jdk-1.8\bin;C:\Program Files\Java\jdk-1.8\jre\bin;C:\Users\himan\Downloads\mongosh-2.1.1-win32-x64\bin;C:\Ruby32-x64\bin;C:\Program Files\MySQL\MySQL Shell 8.0\bin\;C:\Users\himan\AppData\Local\Microsoft\WindowsApps;C:\Users\himan\AppData\Local\Programs\Microsoft VS Code\bin;C:\Users\himan\AppData\Roaming\nvm;C:\Program Files\nodejs;D:\chrome download\gradle-5.6.4\bin;C:\Program Files\Java\jdk-1.8\bin;C:\Program Files\Java\jdk-1.8\jre\bin;C:\Program Files\heroku\bin;C:\Users\himan\Downloads\mongosh-2.1.1-win32-x64\bin;;.]
[INFO ] 2024-02-06T11:46:33,863 [localhost-startStop-1] [/] - Initializing Spring embedded WebApplicationContext
[INFO ] 2024-02-06T11:46:33,863 [localhost-startStop-1] ContextLoader - Root WebApplicationContext: initialization completed in 2996 ms
[INFO ] 2024-02-06T11:46:34,079 [localhost-startStop-1] ServletRegistrationBean - Servlet dispatcherServlet mapped to [/]
[INFO ] 2024-02-06T11:46:34,085 [localhost-startStop-1] FilterRegistrationBean - Mapping filter: 'characterEncodingFilter' to: [/*]
[INFO ] 2024-02-06T11:46:34,085 [localhost-startStop-1] FilterRegistrationBean - Mapping filter: 'hiddenHttpMethodFilter' to: [/*]
[INFO ] 2024-02-06T11:46:34,086 [localhost-startStop-1] FilterRegistrationBean - Mapping filter: 'httpPutFormContentFilter' to: [/*]
[INFO ] 2024-02-06T11:46:34,086 [localhost-startStop-1] FilterRegistrationBean - Mapping filter: 'requestContextFilter' to: [/*]
[INFO ] 2024-02-06T11:46:40,944 [main] RPCClient - Startup took 3590 msec
[INFO ] 2024-02-06T11:46:42,991 [main] SimpleUrlHandlerMapping - Mapped URL path [/**/favicon.ico] onto handler of type [class org.springframework.web.servlet.resource.ResourceHttpRequestHandler]
[INFO ] 2024-02-06T11:46:43,256 [main] RequestMappingHandlerAdapter - Looking for @ControllerAdvice: org.springframework.boot.web.servlet.context.AnnotationConfigServletWebServerApplicationContext@27eedb64: startup date [Tue Feb 06 17:16:28 IST 2024]; root of context hierarchy
[INFO ] 2024-02-06T11:46:43,462 [main] RequestMappingHandlerMapping - Mapped "{[/get-owner/{linearIdStr}],methods=[GET],produces=[application/json]}" onto public org.springframework.http.ResponseEntity<java.lang.String> com.riequation.property.webserver.Controller.getOwner(java.lang.String)
[INFO ] 2024-02-06T11:46:43,466 [main] RequestMappingHandlerMapping - Mapped "{[/add-property],methods=[POST],consumes=[application/json],produces=[application/json]}" onto private org.springframework.http.ResponseEntity<java.lang.String> com.riequation.property.webserver.Controller.addProperty(java.util.Map<java.lang.String, java.lang.Object>)
[INFO ] 2024-02-06T11:46:43,467 [main] RequestMappingHandlerMapping - Mapped "{[/get-property/{linearIdStr}],methods=[GET],produces=[application/json]}" onto public org.springframework.http.ResponseEntity<com.riequation.property.states.PropertyState> com.riequation.property.webserver.Controller.getPropertyById(java.lang.String)
[INFO ] 2024-02-06T11:46:43,468 [main] RequestMappingHandlerMapping - Mapped "{[/owners],methods=[GET],produces=[application/json]}" onto public org.springframework.http.ResponseEntity<java.util.List<com.riequation.property.webserver.Dto.OwnerStateDTO>> com.riequation.property.webserver.Controller.getAllOwners()
[INFO ] 2024-02-06T11:46:43,469 [main] RequestMappingHandlerMapping - Mapped "{[/properties],methods=[GET],produces=[application/json]}" onto public org.springframework.http.ResponseEntity<java.util.List<com.riequation.property.states.PropertyState>> com.riequation.property.webserver.Controller.getAllProperties()
[INFO ] 2024-02-06T11:46:43,473 [main] RequestMappingHandlerMapping - Mapped "{[/create-owner],methods=[POST],consumes=[application/json],produces=[application/json]}" onto private org.springframework.http.ResponseEntity<java.lang.String> com.riequation.property.webserver.Controller.createOwner(java.util.HashMap<java.lang.String, java.lang.String>)
[INFO ] 2024-02-06T11:46:43,474 [main] RequestMappingHandlerMapping - Mapped "{[/create-agent],methods=[POST],consumes=[application/json],produces=[application/json]}" onto public org.springframework.http.ResponseEntity<java.lang.String> com.riequation.property.webserver.Controller.createAgent(java.util.HashMap<java.lang.String, java.lang.String>)
[INFO ] 2024-02-06T11:46:43,475 [main] RequestMappingHandlerMapping - Mapped "{[/agents],methods=[GET],produces=[application/json]}" onto public org.springframework.http.ResponseEntity<java.util.List<com.riequation.property.webserver.Dto.AgentStateDTO>> com.riequation.property.webserver.Controller.getAllAgents()
[INFO ] 2024-02-06T11:46:43,477 [main] RequestMappingHandlerMapping - Mapped "{[/get-agent/{linearIdStr}],methods=[GET],produces=[application/json]}" onto public org.springframework.http.ResponseEntity<java.lang.String> com.riequation.property.webserver.Controller.getAgent(java.lang.String)
[INFO ] 2024-02-06T11:46:43,478 [main] RequestMappingHandlerMapping - Mapped "{[/login-tentant],methods=[POST],consumes=[application/json],produces=[application/json]}" onto public org.springframework.http.ResponseEntity<java.lang.String> com.riequation.property.webserver.Controller.loginTentent(java.util.Map<java.lang.String, java.lang.String>)
[INFO ] 2024-02-06T11:46:43,479 [main] RequestMappingHandlerMapping - Mapped "{[/get-tenant/{linearIdStr}],methods=[GET],produces=[application/json]}" onto public org.springframework.http.ResponseEntity<java.lang.String> com.riequation.property.webserver.Controller.getTenant(java.lang.String)
[INFO ] 2024-02-06T11:46:43,480 [main] RequestMappingHandlerMapping - Mapped "{[/owner-login],methods=[POST],consumes=[application/json],produces=[application/json]}" onto public org.springframework.http.ResponseEntity<java.lang.String> com.riequation.property.webserver.Controller.loginUser(java.util.Map<java.lang.String, java.lang.String>)
[INFO ] 2024-02-06T11:46:43,481 [main] RequestMappingHandlerMapping - Mapped "{[/agent-owner-contracts],methods=[GET],produces=[application/json]}" onto public org.springframework.http.ResponseEntity<java.util.List<java.util.Map<java.lang.String, java.lang.Object>>> com.riequation.property.webserver.Controller.getAllContracts()
[INFO ] 2024-02-06T11:46:43,482 [main] RequestMappingHandlerMapping - Mapped "{[/tenants],methods=[GET],produces=[application/json]}" onto public org.springframework.http.ResponseEntity<java.util.List<com.riequation.property.webserver.Dto.TenantStateDTO>> com.riequation.property.webserver.Controller.getAllTenants()
[INFO ] 2024-02-06T11:46:43,483 [main] RequestMappingHandlerMapping - Mapped "{[/agent-login],methods=[POST],consumes=[application/json],produces=[application/json]}" onto public org.springframework.http.ResponseEntity<java.lang.String> com.riequation.property.webserver.Controller.loginAgent(java.util.Map<java.lang.String, java.lang.String>)
[INFO ] 2024-02-06T11:46:43,484 [main] RequestMappingHandlerMapping - Mapped "{[/create-tenant],methods=[POST],consumes=[application/json],produces=[application/json]}" onto public org.springframework.http.ResponseEntity<java.lang.String> com.riequation.property.webserver.Controller.createTenant(java.util.HashMap<java.lang.String, java.lang.String>)
[INFO ] 2024-02-06T11:46:43,488 [main] RequestMappingHandlerMapping - Mapped "{[/properties/owner/{ownerId}],methods=[GET],produces=[application/json]}" onto public org.springframework.http.ResponseEntity<java.util.List<com.riequation.property.states.PropertyState>> com.riequation.property.webserver.Controller.getPropertiesByOwnerId(java.lang.String)
[INFO ] 2024-02-06T11:46:43,489 [main] RequestMappingHandlerMapping - Mapped "{[/get-contracts-by-owner],methods=[GET],produces=[application/json]}" onto public org.springframework.http.ResponseEntity<?> com.riequation.property.webserver.Controller.getContractsByOwner(java.lang.String)
[INFO ] 2024-02-06T11:46:43,490 [main] RequestMappingHandlerMapping - Mapped "{[/contracts/owner],methods=[GET]}" onto public org.springframework.http.ResponseEntity<java.util.List<com.riequation.property.states.OwnerAgentPropertyContractState>> com.riequation.property.webserver.Controller.getconatractsByOwner(java.lang.String)
[INFO ] 2024-02-06T11:46:43,492 [main] RequestMappingHandlerMapping - Mapped "{[/contracts/agent],methods=[GET]}" onto public org.springframework.http.ResponseEntity<java.util.List<com.riequation.property.states.OwnerAgentPropertyContractState>> com.riequation.property.webserver.Controller.getContractsByAgent(java.lang.String)
[INFO ] 2024-02-06T11:46:43,494 [main] RequestMappingHandlerMapping - Mapped "{[/create-owner-agent-property-contract],methods=[POST],consumes=[application/json],produces=[application/json]}" onto public org.springframework.http.ResponseEntity<java.lang.String> com.riequation.property.webserver.Controller.createOwnerAgentPropertyContract(java.util.Map<java.lang.String, java.lang.String>)
[INFO ] 2024-02-06T11:46:43,495 [main] RequestMappingHandlerMapping - Mapped "{[/create-maintenance],methods=[POST],consumes=[application/json],produces=[application/json]}" onto public org.springframework.http.ResponseEntity<java.lang.String> com.riequation.property.webserver.Controller.createMaintenance(java.util.Map<java.lang.String, java.lang.Object>)
[INFO ] 2024-02-06T11:46:43,496 [main] RequestMappingHandlerMapping - Mapped "{[/get-maintenance-by/{agentId}],methods=[GET]}" onto public org.springframework.http.ResponseEntity<java.util.List<com.riequation.property.states.MaintenanceState>> com.riequation.property.webserver.Controller.getMaintenanceDetailsByAgentId(java.lang.String)
[INFO ] 2024-02-06T11:46:43,498 [main] RequestMappingHandlerMapping - Mapped "{[/get-maintenance/{propertyId}],methods=[GET]}" onto public org.springframework.http.ResponseEntity<java.util.List<com.riequation.property.states.MaintenanceState>> com.riequation.property.webserver.Controller.getMaintenanceDetailsByPropertyId(java.lang.String)
[INFO ] 2024-02-06T11:46:43,503 [main] RequestMappingHandlerMapping - Mapped "{[/error]}" onto public org.springframework.http.ResponseEntity<java.util.Map<java.lang.String, java.lang.Object>> org.springframework.boot.autoconfigure.web.servlet.error.BasicErrorController.error(javax.servlet.http.HttpServletRequest)
[INFO ] 2024-02-06T11:46:43,506 [main] RequestMappingHandlerMapping - Mapped "{[/error],produces=[text/html]}" onto public org.springframework.web.servlet.ModelAndView org.springframework.boot.autoconfigure.web.servlet.error.BasicErrorController.errorHtml(javax.servlet.http.HttpServletRequest,javax.servlet.http.HttpServletResponse)
[INFO ] 2024-02-06T11:46:43,556 [main] SimpleUrlHandlerMapping - Mapped URL path [/webjars/**] onto handler of type [class org.springframework.web.servlet.resource.ResourceHttpRequestHandler]
[INFO ] 2024-02-06T11:46:43,556 [main] SimpleUrlHandlerMapping - Mapped URL path [/**] onto handler of type [class org.springframework.web.servlet.resource.ResourceHttpRequestHandler]
[INFO ] 2024-02-06T11:46:43,705 [main] WelcomePageHandlerMapping - Adding welcome page: class path resource [static/index.html]
[INFO ] 2024-02-06T11:46:43,995 [main] AnnotationMBeanExporter - Registering beans for JMX exposure on startup
[INFO ] 2024-02-06T11:46:44,019 [main] Http11NioProtocol - Starting ProtocolHandler ["http-nio-8090"]
[INFO ] 2024-02-06T11:46:44,025 [main] NioSelectorPool - Using a shared selector for servlet write/read
[INFO ] 2024-02-06T11:46:44,056 [main] TomcatWebServer - Tomcat started on port(s): 8090 (http) with context path ''
[INFO ] 2024-02-06T11:46:44,061 [main] Starter - Started Starter in 16.623 seconds (JVM running for 17.934)
[INFO ] 2024-02-06T11:46:44,360 [main] RPCClient - Startup took 4187 msec
[INFO ] 2024-02-06T11:46:45,631 [main] SimpleUrlHandlerMapping - Mapped URL path [/**/favicon.ico] onto handler of type [class org.springframework.web.servlet.resource.ResourceHttpRequestHandler]
[INFO ] 2024-02-06T11:46:45,784 [main] RequestMappingHandlerAdapter - Looking for @ControllerAdvice: org.springframework.boot.web.servlet.context.AnnotationConfigServletWebServerApplicationContext@5ce8d869: startup date [Tue Feb 06 17:16:30 IST 2024]; root of context hierarchy
[INFO ] 2024-02-06T11:46:45,892 [main] RequestMappingHandlerMapping - Mapped "{[/get-owner/{linearIdStr}],methods=[GET],produces=[application/json]}" onto public org.springframework.http.ResponseEntity<java.lang.String> com.riequation.property.webserver.Controller.getOwner(java.lang.String)
[INFO ] 2024-02-06T11:46:45,895 [main] RequestMappingHandlerMapping - Mapped "{[/add-property],methods=[POST],consumes=[application/json],produces=[application/json]}" onto private org.springframework.http.ResponseEntity<java.lang.String> com.riequation.property.webserver.Controller.addProperty(java.util.Map<java.lang.String, java.lang.Object>)
[INFO ] 2024-02-06T11:46:45,896 [main] RequestMappingHandlerMapping - Mapped "{[/agent-owner-contracts],methods=[GET],produces=[application/json]}" onto public org.springframework.http.ResponseEntity<java.util.List<java.util.Map<java.lang.String, java.lang.Object>>> com.riequation.property.webserver.Controller.getAllContracts()
[INFO ] 2024-02-06T11:46:45,897 [main] RequestMappingHandlerMapping - Mapped "{[/agent-login],methods=[POST],consumes=[application/json],produces=[application/json]}" onto public org.springframework.http.ResponseEntity<java.lang.String> com.riequation.property.webserver.Controller.loginAgent(java.util.Map<java.lang.String, java.lang.String>)
[INFO ] 2024-02-06T11:46:45,899 [main] RequestMappingHandlerMapping - Mapped "{[/get-property/{linearIdStr}],methods=[GET],produces=[application/json]}" onto public org.springframework.http.ResponseEntity<com.riequation.property.states.PropertyState> com.riequation.property.webserver.Controller.getPropertyById(java.lang.String)
[INFO ] 2024-02-06T11:46:45,900 [main] RequestMappingHandlerMapping - Mapped "{[/create-agent],methods=[POST],consumes=[application/json],produces=[application/json]}" onto public org.springframework.http.ResponseEntity<java.lang.String> com.riequation.property.webserver.Controller.createAgent(java.util.HashMap<java.lang.String, java.lang.String>)
[INFO ] 2024-02-06T11:46:45,900 [main] RequestMappingHandlerMapping - Mapped "{[/get-agent/{linearIdStr}],methods=[GET],produces=[application/json]}" onto public org.springframework.http.ResponseEntity<java.lang.String> com.riequation.property.webserver.Controller.getAgent(java.lang.String)
[INFO ] 2024-02-06T11:46:45,901 [main] RequestMappingHandlerMapping - Mapped "{[/create-tenant],methods=[POST],consumes=[application/json],produces=[application/json]}" onto public org.springframework.http.ResponseEntity<java.lang.String> com.riequation.property.webserver.Controller.createTenant(java.util.HashMap<java.lang.String, java.lang.String>)
[INFO ] 2024-02-06T11:46:45,902 [main] RequestMappingHandlerMapping - Mapped "{[/agents],methods=[GET],produces=[application/json]}" onto public org.springframework.http.ResponseEntity<java.util.List<com.riequation.property.webserver.Dto.AgentStateDTO>> com.riequation.property.webserver.Controller.getAllAgents()
[INFO ] 2024-02-06T11:46:45,903 [main] RequestMappingHandlerMapping - Mapped "{[/create-owner],methods=[POST],consumes=[application/json],produces=[application/json]}" onto private org.springframework.http.ResponseEntity<java.lang.String> com.riequation.property.webserver.Controller.createOwner(java.util.HashMap<java.lang.String, java.lang.String>)
[INFO ] 2024-02-06T11:46:45,903 [main] RequestMappingHandlerMapping - Mapped "{[/owners],methods=[GET],produces=[application/json]}" onto public org.springframework.http.ResponseEntity<java.util.List<com.riequation.property.webserver.Dto.OwnerStateDTO>> com.riequation.property.webserver.Controller.getAllOwners()
[INFO ] 2024-02-06T11:46:45,904 [main] RequestMappingHandlerMapping - Mapped "{[/properties],methods=[GET],produces=[application/json]}" onto public org.springframework.http.ResponseEntity<java.util.List<com.riequation.property.states.PropertyState>> com.riequation.property.webserver.Controller.getAllProperties()
[INFO ] 2024-02-06T11:46:45,905 [main] RequestMappingHandlerMapping - Mapped "{[/owner-login],methods=[POST],consumes=[application/json],produces=[application/json]}" onto public org.springframework.http.ResponseEntity<java.lang.String> com.riequation.property.webserver.Controller.loginUser(java.util.Map<java.lang.String, java.lang.String>)
[INFO ] 2024-02-06T11:46:45,906 [main] RequestMappingHandlerMapping - Mapped "{[/get-tenant/{linearIdStr}],methods=[GET],produces=[application/json]}" onto public org.springframework.http.ResponseEntity<java.lang.String> com.riequation.property.webserver.Controller.getTenant(java.lang.String)
[INFO ] 2024-02-06T11:46:45,906 [main] RequestMappingHandlerMapping - Mapped "{[/login-tentant],methods=[POST],consumes=[application/json],produces=[application/json]}" onto public org.springframework.http.ResponseEntity<java.lang.String> com.riequation.property.webserver.Controller.loginTentent(java.util.Map<java.lang.String, java.lang.String>)
[INFO ] 2024-02-06T11:46:45,907 [main] RequestMappingHandlerMapping - Mapped "{[/tenants],methods=[GET],produces=[application/json]}" onto public org.springframework.http.ResponseEntity<java.util.List<com.riequation.property.webserver.Dto.TenantStateDTO>> com.riequation.property.webserver.Controller.getAllTenants()
[INFO ] 2024-02-06T11:46:45,908 [main] RequestMappingHandlerMapping - Mapped "{[/create-owner-agent-property-contract],methods=[POST],consumes=[application/json],produces=[application/json]}" onto public org.springframework.http.ResponseEntity<java.lang.String> com.riequation.property.webserver.Controller.createOwnerAgentPropertyContract(java.util.Map<java.lang.String, java.lang.String>)
[INFO ] 2024-02-06T11:46:45,909 [main] RequestMappingHandlerMapping - Mapped "{[/get-contracts-by-owner],methods=[GET],produces=[application/json]}" onto public org.springframework.http.ResponseEntity<?> com.riequation.property.webserver.Controller.getContractsByOwner(java.lang.String)
[INFO ] 2024-02-06T11:46:45,910 [main] RequestMappingHandlerMapping - Mapped "{[/properties/owner/{ownerId}],methods=[GET],produces=[application/json]}" onto public org.springframework.http.ResponseEntity<java.util.List<com.riequation.property.states.PropertyState>> com.riequation.property.webserver.Controller.getPropertiesByOwnerId(java.lang.String)
[INFO ] 2024-02-06T11:46:45,910 [main] RequestMappingHandlerMapping - Mapped "{[/contracts/owner],methods=[GET]}" onto public org.springframework.http.ResponseEntity<java.util.List<com.riequation.property.states.OwnerAgentPropertyContractState>> com.riequation.property.webserver.Controller.getconatractsByOwner(java.lang.String)
[INFO ] 2024-02-06T11:46:45,911 [main] RequestMappingHandlerMapping - Mapped "{[/contracts/agent],methods=[GET]}" onto public org.springframework.http.ResponseEntity<java.util.List<com.riequation.property.states.OwnerAgentPropertyContractState>> com.riequation.property.webserver.Controller.getContractsByAgent(java.lang.String)
[INFO ] 2024-02-06T11:46:45,912 [main] RequestMappingHandlerMapping - Mapped "{[/create-maintenance],methods=[POST],consumes=[application/json],produces=[application/json]}" onto public org.springframework.http.ResponseEntity<java.lang.String> com.riequation.property.webserver.Controller.createMaintenance(java.util.Map<java.lang.String, java.lang.Object>)
[INFO ] 2024-02-06T11:46:45,912 [main] RequestMappingHandlerMapping - Mapped "{[/get-maintenance-by/{agentId}],methods=[GET]}" onto public org.springframework.http.ResponseEntity<java.util.List<com.riequation.property.states.MaintenanceState>> com.riequation.property.webserver.Controller.getMaintenanceDetailsByAgentId(java.lang.String)
[INFO ] 2024-02-06T11:46:45,915 [main] RequestMappingHandlerMapping - Mapped "{[/get-maintenance/{propertyId}],methods=[GET]}" onto public org.springframework.http.ResponseEntity<java.util.List<com.riequation.property.states.MaintenanceState>> com.riequation.property.webserver.Controller.getMaintenanceDetailsByPropertyId(java.lang.String)
[INFO ] 2024-02-06T11:46:45,919 [main] RequestMappingHandlerMapping - Mapped "{[/error]}" onto public org.springframework.http.ResponseEntity<java.util.Map<java.lang.String, java.lang.Object>> org.springframework.boot.autoconfigure.web.servlet.error.BasicErrorController.error(javax.servlet.http.HttpServletRequest)
[INFO ] 2024-02-06T11:46:45,920 [main] RequestMappingHandlerMapping - Mapped "{[/error],produces=[text/html]}" onto public org.springframework.web.servlet.ModelAndView org.springframework.boot.autoconfigure.web.servlet.error.BasicErrorController.errorHtml(javax.servlet.http.HttpServletRequest,javax.servlet.http.HttpServletResponse)
[INFO ] 2024-02-06T11:46:45,952 [main] SimpleUrlHandlerMapping - Mapped URL path [/webjars/**] onto handler of type [class org.springframework.web.servlet.resource.ResourceHttpRequestHandler]
[INFO ] 2024-02-06T11:46:45,953 [main] SimpleUrlHandlerMapping - Mapped URL path [/**] onto handler of type [class org.springframework.web.servlet.resource.ResourceHttpRequestHandler]
[INFO ] 2024-02-06T11:46:46,025 [main] WelcomePageHandlerMapping - Adding welcome page: class path resource [static/index.html]
[INFO ] 2024-02-06T11:46:46,218 [main] AnnotationMBeanExporter - Registering beans for JMX exposure on startup
[INFO ] 2024-02-06T11:46:46,233 [main] Http11NioProtocol - Starting ProtocolHandler ["http-nio-8080"]
[INFO ] 2024-02-06T11:46:46,235 [main] NioSelectorPool - Using a shared selector for servlet write/read
[INFO ] 2024-02-06T11:46:46,256 [main] TomcatWebServer - Tomcat started on port(s): 8080 (http) with context path ''
[INFO ] 2024-02-06T11:46:46,261 [main] Starter - Started Starter in 16.631 seconds (JVM running for 18.023)
[INFO ] 2024-02-06T11:47:12,498 [http-nio-8090-exec-2] [/] - Initializing Spring FrameworkServlet 'dispatcherServlet'
[INFO ] 2024-02-06T11:47:12,498 [http-nio-8090-exec-2] DispatcherServlet - FrameworkServlet 'dispatcherServlet': initialization started
[INFO ] 2024-02-06T11:47:12,516 [http-nio-8090-exec-2] DispatcherServlet - FrameworkServlet 'dispatcherServlet': initialization completed in 18 ms
[WARN ] 2024-02-06T12:23:09,323 [Thread-1 (ActiveMQ-client-factory-threads-2046652309)] RPCClientProxyHandler - Terminating observables.
